2025-07-09 10:39:22.787 [main] INFO  c.d.k.i.MinimalIntegrationTest - Starting MinimalIntegrationTest using Java 21.0.7 with PID 175986 (started by danifgx in /home/danifgx/projects/kafkapoc)
2025-07-09 10:39:22.789 [main] INFO  c.d.k.i.MinimalIntegrationTest - The following 1 profile is active: "test"
2025-07-09 10:39:22.880 [main] INFO  c.d.k.i.MinimalIntegrationTest - Started MinimalIntegrationTest in 0.494 seconds (process running for 8.94)
2025-07-09 10:39:22.891 [main] INFO  c.d.k.kafka.KafkaProducerService - Sent message to Kafka: Message(id=7877bfab-0372-4535-9200-74e2ca1a60b3, content=Test message, sender=Spring Kafka Producer, timestamp=2025-07-09T10:39:22.889646930, type=SIMPLE)
2025-07-09 10:39:22.995 [main] INFO  c.d.k.i.KafkapocIntegrationTest - Starting KafkapocIntegrationTest using Java 21.0.7 with PID 175986 (started by danifgx in /home/danifgx/projects/kafkapoc)
2025-07-09 10:39:22.996 [main] INFO  c.d.k.i.KafkapocIntegrationTest - The following 1 profile is active: "test"
2025-07-09 10:39:23.019 [main] INFO  c.d.k.i.KafkapocIntegrationTest - Started KafkapocIntegrationTest in 0.115 seconds (process running for 9.079)
2025-07-09 10:39:23.029 [main] INFO  c.d.k.c.k.KafkaCloudStreamProcessor - Processing message with Spring Cloud Stream (Kafka): Message(id=96515cb9-e90a-4ee8-9b5d-71f026ac56e9, content=, sender=Test Sender, timestamp=2025-07-09T10:39:23.029626525, type=SIMPLE)
2025-07-09 10:39:23.031 [main] INFO  c.d.k.c.k.KafkaCloudStreamProcessor - Processing message with Spring Cloud Stream (Kafka): Message(id=30907095-89cb-4538-bb90-eb6bd7f31cdd, content=Test message, sender=Test Sender, timestamp=2025-07-09T10:39:23.031517920, type=SIMPLE)
2025-07-09 10:39:23.033 [main] INFO  c.d.k.c.k.KafkaCloudStreamProcessor - Processing message with Spring Cloud Stream (Kafka): Message(id=1f8ee2a7-a070-4ecf-a682-37ae8239caf7, content=null, sender=Test Sender, timestamp=2025-07-09T10:39:23.033628628, type=SIMPLE)
2025-07-09 10:39:23.065 [main] INFO  c.d.k.c.r.RabbitCloudStreamProcessor - Processing message with Spring Cloud Stream (RabbitMQ): Message(id=14085495-e8f0-422e-8c99-953786bbf40a, content=Mensaje de prueba para RabbitMQ, sender=Test, timestamp=2025-07-09T10:39:23.065169891, type=SIMPLE)
2025-07-09 10:39:23.070 [main] INFO  c.d.k.c.r.RabbitCloudStreamProcessor - Processing message with Spring Cloud Stream (RabbitMQ): Message(id=824118c5-cfe5-4bc7-89c0-02446f887d97, content=, sender=Test Sender, timestamp=2025-07-09T10:39:23.070487343, type=SIMPLE)
2025-07-09 10:39:23.071 [main] INFO  c.d.k.c.r.RabbitCloudStreamProcessor - Processing message with Spring Cloud Stream (RabbitMQ): Message(id=3b3b5524-4471-4ac4-8f0c-70daeda514f9, content=Test message, sender=Test Sender, timestamp=2025-07-09T10:39:23.071873553, type=SIMPLE)
2025-07-09 10:39:23.073 [main] INFO  c.d.k.c.r.RabbitCloudStreamProcessor - Processing message with Spring Cloud Stream (RabbitMQ): Message(id=8487a168-7f6f-4f11-ad64-363a08945d96, content=null, sender=Test Sender, timestamp=2025-07-09T10:39:23.073268662, type=SIMPLE)
2025-07-09 10:39:23.371 [main] ERROR c.d.k.kafka.KafkaProducerService - Error serializing message: Serialization error
com.danifgx.kafkapoc.kafka.KafkaProducerServiceTest$1: Serialization error
	at com.fasterxml.jackson.databind.ObjectMapper.writeValueAsString(ObjectMapper.java:3962)
	at com.danifgx.kafkapoc.kafka.KafkaProducerService.sendMessage(KafkaProducerService.java:41)
	at com.danifgx.kafkapoc.kafka.KafkaProducerServiceTest.lambda$sendMessage_shouldThrowRuntimeException_whenSerializationFails$0(KafkaProducerServiceTest.java:78)
	at org.junit.jupiter.api.AssertThrows.assertThrows(AssertThrows.java:53)
	at org.junit.jupiter.api.AssertThrows.assertThrows(AssertThrows.java:35)
	at org.junit.jupiter.api.Assertions.assertThrows(Assertions.java:3115)
	at com.danifgx.kafkapoc.kafka.KafkaProducerServiceTest.sendMessage_shouldThrowRuntimeException_whenSerializationFails(KafkaProducerServiceTest.java:77)
	at java.base/jdk.internal.reflect.DirectMethodHandleAccessor.invoke(DirectMethodHandleAccessor.java:103)
	at java.base/java.lang.reflect.Method.invoke(Method.java:580)
	at org.junit.platform.commons.util.ReflectionUtils.invokeMethod(ReflectionUtils.java:728)
	at org.junit.jupiter.engine.execution.MethodInvocation.proceed(MethodInvocation.java:60)
	at org.junit.jupiter.engine.execution.InvocationInterceptorChain$ValidatingInvocation.proceed(InvocationInterceptorChain.java:131)
	at org.junit.jupiter.engine.extension.TimeoutExtension.intercept(TimeoutExtension.java:156)
	at org.junit.jupiter.engine.extension.TimeoutExtension.interceptTestableMethod(TimeoutExtension.java:147)
	at org.junit.jupiter.engine.extension.TimeoutExtension.interceptTestMethod(TimeoutExtension.java:86)
	at org.junit.jupiter.engine.execution.InterceptingExecutableInvoker$ReflectiveInterceptorCall.lambda$ofVoidMethod$0(InterceptingExecutableInvoker.java:103)
	at org.junit.jupiter.engine.execution.InterceptingExecutableInvoker.lambda$invoke$0(InterceptingExecutableInvoker.java:93)
	at org.junit.jupiter.engine.execution.InvocationInterceptorChain$InterceptedInvocation.proceed(InvocationInterceptorChain.java:106)
	at org.junit.jupiter.engine.execution.InvocationInterceptorChain.proceed(InvocationInterceptorChain.java:64)
	at org.junit.jupiter.engine.execution.InvocationInterceptorChain.chainAndInvoke(InvocationInterceptorChain.java:45)
	at org.junit.jupiter.engine.execution.InvocationInterceptorChain.invoke(InvocationInterceptorChain.java:37)
	at org.junit.jupiter.engine.execution.InterceptingExecutableInvoker.invoke(InterceptingExecutableInvoker.java:92)
	at org.junit.jupiter.engine.execution.InterceptingExecutableInvoker.invoke(InterceptingExecutableInvoker.java:86)
	at org.junit.jupiter.engine.descriptor.TestMethodTestDescriptor.lambda$invokeTestMethod$7(TestMethodTestDescriptor.java:218)
	at org.junit.platform.engine.support.hierarchical.ThrowableCollector.execute(ThrowableCollector.java:73)
	at org.junit.jupiter.engine.descriptor.TestMethodTestDescriptor.invokeTestMethod(TestMethodTestDescriptor.java:214)
	at org.junit.jupiter.engine.descriptor.TestMethodTestDescriptor.execute(TestMethodTestDescriptor.java:139)
	at org.junit.jupiter.engine.descriptor.TestMethodTestDescriptor.execute(TestMethodTestDescriptor.java:69)
	at org.junit.platform.engine.support.hierarchical.NodeTestTask.lambda$executeRecursively$6(NodeTestTask.java:156)
	at org.junit.platform.engine.support.hierarchical.ThrowableCollector.execute(ThrowableCollector.java:73)
	at org.junit.platform.engine.support.hierarchical.NodeTestTask.lambda$executeRecursively$8(NodeTestTask.java:146)
	at org.junit.platform.engine.support.hierarchical.Node.around(Node.java:137)
	at org.junit.platform.engine.support.hierarchical.NodeTestTask.lambda$executeRecursively$9(NodeTestTask.java:144)
	at org.junit.platform.engine.support.hierarchical.ThrowableCollector.execute(ThrowableCollector.java:73)
	at org.junit.platform.engine.support.hierarchical.NodeTestTask.executeRecursively(NodeTestTask.java:143)
	at org.junit.platform.engine.support.hierarchical.NodeTestTask.execute(NodeTestTask.java:100)
	at java.base/java.util.ArrayList.forEach(ArrayList.java:1596)
	at org.junit.platform.engine.support.hierarchical.SameThreadHierarchicalTestExecutorService.invokeAll(SameThreadHierarchicalTestExecutorService.java:41)
	at org.junit.platform.engine.support.hierarchical.NodeTestTask.lambda$executeRecursively$6(NodeTestTask.java:160)
	at org.junit.platform.engine.support.hierarchical.ThrowableCollector.execute(ThrowableCollector.java:73)
	at org.junit.platform.engine.support.hierarchical.NodeTestTask.lambda$executeRecursively$8(NodeTestTask.java:146)
	at org.junit.platform.engine.support.hierarchical.Node.around(Node.java:137)
	at org.junit.platform.engine.support.hierarchical.NodeTestTask.lambda$executeRecursively$9(NodeTestTask.java:144)
	at org.junit.platform.engine.support.hierarchical.ThrowableCollector.execute(ThrowableCollector.java:73)
	at org.junit.platform.engine.support.hierarchical.NodeTestTask.executeRecursively(NodeTestTask.java:143)
	at org.junit.platform.engine.support.hierarchical.NodeTestTask.execute(NodeTestTask.java:100)
	at java.base/java.util.ArrayList.forEach(ArrayList.java:1596)
	at org.junit.platform.engine.support.hierarchical.SameThreadHierarchicalTestExecutorService.invokeAll(SameThreadHierarchicalTestExecutorService.java:41)
	at org.junit.platform.engine.support.hierarchical.NodeTestTask.lambda$executeRecursively$6(NodeTestTask.java:160)
	at org.junit.platform.engine.support.hierarchical.ThrowableCollector.execute(ThrowableCollector.java:73)
	at org.junit.platform.engine.support.hierarchical.NodeTestTask.lambda$executeRecursively$8(NodeTestTask.java:146)
	at org.junit.platform.engine.support.hierarchical.Node.around(Node.java:137)
	at org.junit.platform.engine.support.hierarchical.NodeTestTask.lambda$executeRecursively$9(NodeTestTask.java:144)
	at org.junit.platform.engine.support.hierarchical.ThrowableCollector.execute(ThrowableCollector.java:73)
	at org.junit.platform.engine.support.hierarchical.NodeTestTask.executeRecursively(NodeTestTask.java:143)
	at org.junit.platform.engine.support.hierarchical.NodeTestTask.execute(NodeTestTask.java:100)
	at org.junit.platform.engine.support.hierarchical.SameThreadHierarchicalTestExecutorService.submit(SameThreadHierarchicalTestExecutorService.java:35)
	at org.junit.platform.engine.support.hierarchical.HierarchicalTestExecutor.execute(HierarchicalTestExecutor.java:57)
	at org.junit.platform.engine.support.hierarchical.HierarchicalTestEngine.execute(HierarchicalTestEngine.java:54)
	at org.junit.platform.launcher.core.EngineExecutionOrchestrator.execute(EngineExecutionOrchestrator.java:198)
	at org.junit.platform.launcher.core.EngineExecutionOrchestrator.execute(EngineExecutionOrchestrator.java:169)
	at org.junit.platform.launcher.core.EngineExecutionOrchestrator.execute(EngineExecutionOrchestrator.java:93)
	at org.junit.platform.launcher.core.EngineExecutionOrchestrator.lambda$execute$0(EngineExecutionOrchestrator.java:58)
	at org.junit.platform.launcher.core.EngineExecutionOrchestrator.withInterceptedStreams(EngineExecutionOrchestrator.java:141)
	at org.junit.platform.launcher.core.EngineExecutionOrchestrator.execute(EngineExecutionOrchestrator.java:57)
	at org.junit.platform.launcher.core.DefaultLauncher.execute(DefaultLauncher.java:103)
	at org.junit.platform.launcher.core.DefaultLauncher.execute(DefaultLauncher.java:85)
	at org.junit.platform.launcher.core.DelegatingLauncher.execute(DelegatingLauncher.java:47)
	at org.apache.maven.surefire.junitplatform.LazyLauncher.execute(LazyLauncher.java:56)
	at org.apache.maven.surefire.junitplatform.JUnitPlatformProvider.execute(JUnitPlatformProvider.java:184)
	at org.apache.maven.surefire.junitplatform.JUnitPlatformProvider.invokeAllTests(JUnitPlatformProvider.java:148)
	at org.apache.maven.surefire.junitplatform.JUnitPlatformProvider.invoke(JUnitPlatformProvider.java:122)
	at org.apache.maven.surefire.booter.ForkedBooter.runSuitesInProcess(ForkedBooter.java:385)
	at org.apache.maven.surefire.booter.ForkedBooter.execute(ForkedBooter.java:162)
	at org.apache.maven.surefire.booter.ForkedBooter.run(ForkedBooter.java:507)
	at org.apache.maven.surefire.booter.ForkedBooter.main(ForkedBooter.java:495)
2025-07-09 10:39:23.379 [main] INFO  c.d.k.kafka.KafkaProducerService - Sent message to Kafka: Message(id=a0bc06c9-ca7a-4c56-b11d-d08d7beeb808, content=Test message, sender=Spring Kafka Producer, timestamp=2025-07-09T10:39:23.379618489, type=SIMPLE)
2025-07-09 10:39:23.537 [main] INFO  c.d.k.kafka.KafkaConsumerService - Received message from Kafka: Message(id=af5ed4b8-40f8-4d71-bea9-e42276b6ccd4, content="This is a JSON string but not an object", sender=Unknown, timestamp=2025-07-09T10:39:23.537614314, type=SIMPLE)
2025-07-09 10:39:23.538 [main] INFO  c.d.k.kafka.KafkaConsumerService - Processing message with Spring Kafka Listener: "This is a JSON string but not an object"
2025-07-09 10:39:23.594 [main] INFO  c.d.k.kafka.KafkaConsumerService - Received message from Kafka: Message(id=test-id, content=Test message, sender=test-sender, timestamp=2023-01-01T12:00, type=SIMPLE)
2025-07-09 10:39:23.595 [main] INFO  c.d.k.kafka.KafkaConsumerService - Processing message with Spring Kafka Listener: Test message
2025-07-09 10:39:23.599 [main] INFO  c.d.k.kafka.KafkaConsumerService - Received message from Kafka: Message(id=90762a06-a232-45ff-b934-5a4ef4bea837, content=This is not JSON, sender=Unknown, timestamp=2025-07-09T10:39:23.599160411, type=SIMPLE)
2025-07-09 10:39:23.599 [main] INFO  c.d.k.kafka.KafkaConsumerService - Processing message with Spring Kafka Listener: This is not JSON
